<?xml version="1.0" encoding="UTF-8"?>
<testng-results ignored="0" total="1" passed="1" failed="0" skipped="0">
  <reporter-output>
  </reporter-output>
  <suite started-at="2024-02-29T04:44:44Z" name="Default suite" finished-at="2024-02-29T04:45:45Z" duration-ms="60979">
    <groups>
    </groups>
    <test started-at="2024-02-29T04:44:44Z" name="Default test" finished-at="2024-02-29T04:45:45Z" duration-ms="60979">
      <class name="DD.AxisPractice.ReadExcel">
        <test-method signature="fblogin()[pri:0, instance:DD.AxisPractice.ReadExcel@2fd953a6]" started-at="2024-02-29T10:14:44Z" name="fblogin" finished-at="2024-02-29T10:15:45Z" duration-ms="60922" status="PASS">
          <reporter-output>
          </reporter-output>
        </test-method> <!-- fblogin -->
      </class> <!-- DD.AxisPractice.ReadExcel -->
    </test> <!-- Default test -->
  </suite> <!-- Default suite -->
</testng-results>
